<?xml version="1.0" encoding="UTF-8"?>
<!-- Generated by org.testng.reporters.JUnitReportReporter -->
<testsuite hostname="Lenovo_Rajeshree" failures="0" tests="1" name="roghwork.TestClass" time="33.253" errors="0" timestamp="22 Jul 2020 08:13:33 GMT" skipped="0">
  <testcase classname="roghwork.TestClass" name="Test" time="33.253"/>
</testsuite> <!-- roghwork.TestClass -->
